{"type":"server-started","port":61225,"host":"127.0.0.1","url_host":"localhost","url":"http://localhost:61225","screen_dir":"/Users/teja.boddapati/Desktop/staticpages/.superpowers/brainstorm/99235-1775895782/content","state_dir":"/Users/teja.boddapati/Desktop/staticpages/.superpowers/brainstorm/99235-1775895782/state"}
{"type":"screen-added","file":"/Users/teja.boddapati/Desktop/staticpages/.superpowers/brainstorm/99235-1775895782/content/page-structure.html"}
{"source":"user-event","type":"click","text":"B — Hub + Explorer\n      Hero overview sets the vision, then four interactive \"portals\" — Architecture, Use Cases, Developer Experience, Roadmap. Visitors self-select their depth and path.\n      Executive skims hero → clicks Vision. Developer clicks Architecture. Partner clicks Roadmap.","choice":"b","id":null,"timestamp":1775896063686}
{"source":"user-event","type":"click","text":"B — Hub + Explorer\n      Hero overview sets the vision, then four interactive \"portals\" — Architecture, Use Cases, Developer Experience, Roadmap. Visitors self-select their depth and path.\n      Executive skims hero → clicks Vision. Developer clicks Architecture. Partner clicks Roadmap.","choice":"b","id":null,"timestamp":1775896066395}
{"source":"user-event","type":"click","text":"C — Tabbed Journey\n      Three audience tabs at the top: \"The Platform\" / \"The Architecture\" / \"The Roadmap.\" Each tab tells a complete story for that reader persona. Switchable any time.\n      Buyers stay in Platform. Engineers dive into Architecture. Partners track Roadmap.","choice":"c","id":null,"timestamp":1775896074573}
{"source":"user-event","type":"click","text":"B — Hub + Explorer\n      Hero overview sets the vision, then four interactive \"portals\" — Architecture, Use Cases, Developer Experience, Roadmap. Visitors self-select their depth and path.\n      Executive skims hero → clicks Vision. Developer clicks Architecture. Partner clicks Roadmap.","choice":"b","id":null,"timestamp":1775896075652}
{"source":"user-event","type":"click","text":"B — Hub + Explorer\n      Hero overview sets the vision, then four interactive \"portals\" — Architecture, Use Cases, Developer Experience, Roadmap. Visitors self-select their depth and path.\n      Executive skims hero → clicks Vision. Developer clicks Architecture. Partner clicks Roadmap.","choice":"b","id":null,"timestamp":1775896076438}
{"source":"user-event","type":"click","text":"B — Hub + Explorer\n      Hero overview sets the vision, then four interactive \"portals\" — Architecture, Use Cases, Developer Experience, Roadmap. Visitors self-select their depth and path.\n      Executive skims hero → clicks Vision. Developer clicks Architecture. Partner clicks Roadmap.","choice":"b","id":null,"timestamp":1775896076643}
{"source":"user-event","type":"click","text":"B — Hub + Explorer\n      Hero overview sets the vision, then four interactive \"portals\" — Architecture, Use Cases, Developer Experience, Roadmap. Visitors self-select their depth and path.\n      Executive skims hero → clicks Vision. Developer clicks Architecture. Partner clicks Roadmap.","choice":"b","id":null,"timestamp":1775896076827}
{"type":"screen-added","file":"/Users/teja.boddapati/Desktop/staticpages/.superpowers/brainstorm/99235-1775895782/content/hero-hook.html"}
{"source":"user-event","type":"click","text":"MongoDB Magenta\n      Your Agents.Your Data.Your Control.\n      The only agentic platform where your customer datanever leaves your Atlas organization.\n    \n    \n      B — The Ownership Differentiator\n      Leads with the structural moat vs. AWS/GCP: customer data store lives in the customer's own Atlas org. Lands hardest with enterprise buyers who've asked \"where does our data go?\"","choice":"b","id":null,"timestamp":1775896154477}
{"type":"screen-added","file":"/Users/teja.boddapati/Desktop/staticpages/.superpowers/brainstorm/99235-1775895782/content/industries.html"}
{"source":"user-event","type":"click","text":"💳\n    \n      Financial Services\n      Fraud detection agent · Loan underwriting agent · Regulatory compliance agent","choice":"finserv","id":null,"timestamp":1775896188141}
{"source":"user-event","type":"click","text":"🏥\n    \n      Healthcare\n      Clinical trial matching agent · Prior authorization agent · Patient intake agent","choice":"healthcare","id":null,"timestamp":1775896188948}
{"source":"user-event","type":"click","text":"🛒\n    \n      Retail & E-Commerce\n      Personalized shopping agent · Inventory reorder agent · Customer support agent","choice":"retail","id":null,"timestamp":1775896190931}
{"source":"user-event","type":"click","text":"🎬\n    \n      Media & Entertainment\n      Content recommendation agent · Rights clearance agent · Ad targeting agent","choice":"media","id":null,"timestamp":1775896191523}
{"source":"user-event","type":"click","text":"🚚\n    \n      Logistics & Supply Chain\n      Route optimization agent · Customs documentation agent · Demand forecasting agent","choice":"logistics","id":null,"timestamp":1775896192261}
{"source":"user-event","type":"click","text":"🛡️\n    \n      Insurance\n      Claims processing agent · Risk assessment agent · Policy renewal agent","choice":"insurance","id":null,"timestamp":1775896192910}
{"source":"user-event","type":"click","text":"📡\n    \n      Telecom\n      Network anomaly agent · Churn prediction agent · Customer onboarding agent","choice":"telco","id":null,"timestamp":1775896193448}
{"source":"user-event","type":"click","text":"⚙️\n    \n      Dev Tools / SaaS\n      Code review agent · Incident response agent · Product analytics agent","choice":"devtools","id":null,"timestamp":1775896194233}
{"type":"screen-added","file":"/Users/teja.boddapati/Desktop/staticpages/.superpowers/brainstorm/99235-1775895782/content/arch-depth.html"}
{"type":"screen-added","file":"/Users/teja.boddapati/Desktop/staticpages/.superpowers/brainstorm/99235-1775895782/content/waiting-1.html"}
{"type":"server-stopped","reason":"idle timeout"}
